<?xml version="1.0" encoding="UTF-8"?>
<testng-results ignored="0" total="1" passed="1" failed="0" skipped="0">
  <reporter-output>
  </reporter-output>
  <suite started-at="2024-10-02T10:04:24 IST" name="Default suite" finished-at="2024-10-02T10:05:13 IST" duration-ms="49105">
    <groups>
    </groups>
    <test started-at="2024-10-02T10:04:24 IST" name="Default test" finished-at="2024-10-02T10:05:13 IST" duration-ms="49105">
      <class name="com.mvn.SeekBar">
        <test-method is-config="true" signature="test()[pri:0, instance:com.mvn.SeekBar@548d708a]" started-at="2024-10-02T10:04:24 IST" name="test" finished-at="2024-10-02T10:04:39 IST" duration-ms="14355" status="PASS">
          <reporter-output>
          </reporter-output>
        </test-method> <!-- test -->
        <test-method signature="seekBar()[pri:0, instance:com.mvn.SeekBar@548d708a]" started-at="2024-10-02T10:04:39 IST" name="seekBar" finished-at="2024-10-02T10:04:53 IST" duration-ms="14328" status="PASS">
          <reporter-output>
          </reporter-output>
        </test-method> <!-- seekBar -->
        <test-method is-config="true" signature="tearDown()[pri:0, instance:com.mvn.SeekBar@548d708a]" started-at="2024-10-02T10:04:53 IST" name="tearDown" finished-at="2024-10-02T10:05:13 IST" duration-ms="20396" status="PASS">
          <reporter-output>
          </reporter-output>
        </test-method> <!-- tearDown -->
      </class> <!-- com.mvn.SeekBar -->
    </test> <!-- Default test -->
  </suite> <!-- Default suite -->
</testng-results>
